{"timestamp":"2025-10-26T15:14:24.170496Z","level":"info","event":"DAG bundles loaded: dags-folder","logger":"airflow.dag_processing.bundles.manager.DagBundlesManager","filename":"manager.py","lineno":179}
{"timestamp":"2025-10-26T15:14:24.170926Z","level":"info","event":"Filling up the DagBag from /home/vivekpanthi/DataEngineering/Health_Care_ETL/airflow/dags/healthcare_dbt_etl.py","logger":"airflow.models.dagbag.DagBag","filename":"dagbag.py","lineno":593}
{"timestamp":"2025-10-26T15:14:24.255378Z","level":"info","event":"Found credentials in shared credentials file: ~/.aws/credentials","logger":"botocore.credentials","filename":"credentials.py","lineno":1364}
{"timestamp":"2025-10-26T15:14:25.140952Z","level":"info","event":"Tmp dir root location: /tmp","logger":"airflow.task.hooks.airflow.providers.standard.hooks.subprocess.SubprocessHook","filename":"subprocess.py","lineno":78}
{"timestamp":"2025-10-26T15:14:25.141613Z","level":"info","event":"Running command: ['/usr/bin/bash', '-c', 'cd /home/vivekpanthi/DataEngineering/Health_Care_ETL/healthcare_dbt && dbt run --select silver_hospital_branches']","logger":"airflow.task.hooks.airflow.providers.standard.hooks.subprocess.SubprocessHook","filename":"subprocess.py","lineno":88}
{"timestamp":"2025-10-26T15:14:25.155501Z","level":"info","event":"Output:","logger":"airflow.task.hooks.airflow.providers.standard.hooks.subprocess.SubprocessHook","filename":"subprocess.py","lineno":99}
{"timestamp":"2025-10-26T15:14:27.342486Z","level":"info","event":"\u001b[0m15:14:27  Running with dbt=1.10.13","logger":"airflow.task.hooks.airflow.providers.standard.hooks.subprocess.SubprocessHook","filename":"subprocess.py","lineno":106}
{"timestamp":"2025-10-26T15:14:28.409023Z","level":"info","event":"\u001b[0m15:14:28  Registered adapter: snowflake=1.10.2","logger":"airflow.task.hooks.airflow.providers.standard.hooks.subprocess.SubprocessHook","filename":"subprocess.py","lineno":106}
{"timestamp":"2025-10-26T15:14:28.728863Z","level":"info","event":"\u001b[0m15:14:28  [\u001b[33mWARNING\u001b[0m]: Configuration paths exist in your dbt_project.yml file which do not apply to any resources.","logger":"airflow.task.hooks.airflow.providers.standard.hooks.subprocess.SubprocessHook","filename":"subprocess.py","lineno":106}
{"timestamp":"2025-10-26T15:14:28.729446Z","level":"info","event":"There are 1 unused configuration paths:","logger":"airflow.task.hooks.airflow.providers.standard.hooks.subprocess.SubprocessHook","filename":"subprocess.py","lineno":106}
{"timestamp":"2025-10-26T15:14:28.729742Z","level":"info","event":"- models.healthcare_dbt.bronze_quarantine","logger":"airflow.task.hooks.airflow.providers.standard.hooks.subprocess.SubprocessHook","filename":"subprocess.py","lineno":106}
{"timestamp":"2025-10-26T15:14:28.915469Z","level":"info","event":"\u001b[0m15:14:28  Found 30 models, 6 sources, 493 macros","logger":"airflow.task.hooks.airflow.providers.standard.hooks.subprocess.SubprocessHook","filename":"subprocess.py","lineno":106}
{"timestamp":"2025-10-26T15:14:28.917746Z","level":"info","event":"\u001b[0m15:14:28","logger":"airflow.task.hooks.airflow.providers.standard.hooks.subprocess.SubprocessHook","filename":"subprocess.py","lineno":106}
{"timestamp":"2025-10-26T15:14:28.918837Z","level":"info","event":"\u001b[0m15:14:28  Concurrency: 1 threads (target='dev')","logger":"airflow.task.hooks.airflow.providers.standard.hooks.subprocess.SubprocessHook","filename":"subprocess.py","lineno":106}
{"timestamp":"2025-10-26T15:14:28.919696Z","level":"info","event":"\u001b[0m15:14:28","logger":"airflow.task.hooks.airflow.providers.standard.hooks.subprocess.SubprocessHook","filename":"subprocess.py","lineno":106}
{"timestamp":"2025-10-26T15:14:31.142966Z","level":"info","event":"\u001b[0m15:14:31  1 of 1 START sql table model SILVER.silver_hospital_branches ................... [RUN]","logger":"airflow.task.hooks.airflow.providers.standard.hooks.subprocess.SubprocessHook","filename":"subprocess.py","lineno":106}
{"timestamp":"2025-10-26T15:14:31.702368Z","level":"info","event":"\u001b[0m15:14:31  1 of 1 OK created sql table model SILVER.silver_hospital_branches .............. [\u001b[32mSUCCESS 1\u001b[0m in 0.56s]","logger":"airflow.task.hooks.airflow.providers.standard.hooks.subprocess.SubprocessHook","filename":"subprocess.py","lineno":106}
{"timestamp":"2025-10-26T15:14:31.823811Z","level":"info","event":"\u001b[0m15:14:31","logger":"airflow.task.hooks.airflow.providers.standard.hooks.subprocess.SubprocessHook","filename":"subprocess.py","lineno":106}
{"timestamp":"2025-10-26T15:14:31.824120Z","level":"info","event":"\u001b[0m15:14:31  Finished running 1 table model in 0 hours 0 minutes and 2.90 seconds (2.90s).","logger":"airflow.task.hooks.airflow.providers.standard.hooks.subprocess.SubprocessHook","filename":"subprocess.py","lineno":106}
{"timestamp":"2025-10-26T15:14:31.852757Z","level":"info","event":"\u001b[0m15:14:31","logger":"airflow.task.hooks.airflow.providers.standard.hooks.subprocess.SubprocessHook","filename":"subprocess.py","lineno":106}
{"timestamp":"2025-10-26T15:14:31.853276Z","level":"info","event":"\u001b[0m15:14:31  \u001b[32mCompleted successfully\u001b[0m","logger":"airflow.task.hooks.airflow.providers.standard.hooks.subprocess.SubprocessHook","filename":"subprocess.py","lineno":106}
{"timestamp":"2025-10-26T15:14:31.853769Z","level":"info","event":"\u001b[0m15:14:31","logger":"airflow.task.hooks.airflow.providers.standard.hooks.subprocess.SubprocessHook","filename":"subprocess.py","lineno":106}
{"timestamp":"2025-10-26T15:14:31.854378Z","level":"info","event":"\u001b[0m15:14:31  Done. PASS=1 WARN=0 ERROR=0 SKIP=0 NO-OP=0 TOTAL=1","logger":"airflow.task.hooks.airflow.providers.standard.hooks.subprocess.SubprocessHook","filename":"subprocess.py","lineno":106}
{"timestamp":"2025-10-26T15:14:34.415526Z","level":"info","event":"Command exited with return code 0","logger":"airflow.task.hooks.airflow.providers.standard.hooks.subprocess.SubprocessHook","filename":"subprocess.py","lineno":110}
{"timestamp":"2025-10-26T15:14:34.416035Z","level":"info","event":"Pushing xcom","ti":"RuntimeTaskInstance(id=UUID('019a2115-21b6-71e3-9243-f95de9a1417f'), task_id='silver_hospital_branches', dag_id='etl_dbt_pipeline', run_id='manual__2025-10-26T15:13:44.323672+00:00', try_number=1, dag_version_id=UUID('019a2114-9280-7a0d-aa8f-96dda97fb75b'), map_index=-1, hostname='vivekpanthi-Swift-SF514-55TA', context_carrier={}, task=<Task(BashOperator): silver_hospital_branches>, bundle_instance=LocalDagBundle(name=dags-folder), max_tries=0, start_date=datetime.datetime(2025, 10, 26, 15, 14, 24, 115990, tzinfo=datetime.timezone.utc), end_date=None, state=<TaskInstanceState.RUNNING: 'running'>, is_mapped=False, rendered_map_index=None)","logger":"task","filename":"task_runner.py","lineno":1352}
