{"timestamp":"2025-10-26T15:13:54.196188Z","level":"info","event":"DAG bundles loaded: dags-folder","logger":"airflow.dag_processing.bundles.manager.DagBundlesManager","filename":"manager.py","lineno":179}
{"timestamp":"2025-10-26T15:13:54.196931Z","level":"info","event":"Filling up the DagBag from /home/vivekpanthi/DataEngineering/Health_Care_ETL/airflow/dags/healthcare_dbt_etl.py","logger":"airflow.models.dagbag.DagBag","filename":"dagbag.py","lineno":593}
{"timestamp":"2025-10-26T15:13:54.613184Z","level":"info","event":"Found credentials in shared credentials file: ~/.aws/credentials","logger":"botocore.credentials","filename":"credentials.py","lineno":1364}
{"timestamp":"2025-10-26T15:13:55.882767Z","level":"info","event":"Tmp dir root location: /tmp","logger":"airflow.task.hooks.airflow.providers.standard.hooks.subprocess.SubprocessHook","filename":"subprocess.py","lineno":78}
{"timestamp":"2025-10-26T15:13:55.884087Z","level":"info","event":"Running command: ['/usr/bin/bash', '-c', 'cd /home/vivekpanthi/DataEngineering/Health_Care_ETL/healthcare_dbt && dbt run --select bronze_patient_quarartine']","logger":"airflow.task.hooks.airflow.providers.standard.hooks.subprocess.SubprocessHook","filename":"subprocess.py","lineno":88}
{"timestamp":"2025-10-26T15:13:55.915312Z","level":"info","event":"Output:","logger":"airflow.task.hooks.airflow.providers.standard.hooks.subprocess.SubprocessHook","filename":"subprocess.py","lineno":99}
{"timestamp":"2025-10-26T15:13:58.792163Z","level":"info","event":"\u001b[0m15:13:58  Running with dbt=1.10.13","logger":"airflow.task.hooks.airflow.providers.standard.hooks.subprocess.SubprocessHook","filename":"subprocess.py","lineno":106}
{"timestamp":"2025-10-26T15:14:00.159525Z","level":"info","event":"\u001b[0m15:14:00  Registered adapter: snowflake=1.10.2","logger":"airflow.task.hooks.airflow.providers.standard.hooks.subprocess.SubprocessHook","filename":"subprocess.py","lineno":106}
{"timestamp":"2025-10-26T15:14:01.220662Z","level":"info","event":"\u001b[0m15:14:01  [\u001b[33mWARNING\u001b[0m]: Configuration paths exist in your dbt_project.yml file which do not apply to any resources.","logger":"airflow.task.hooks.airflow.providers.standard.hooks.subprocess.SubprocessHook","filename":"subprocess.py","lineno":106}
{"timestamp":"2025-10-26T15:14:01.220830Z","level":"info","event":"There are 1 unused configuration paths:","logger":"airflow.task.hooks.airflow.providers.standard.hooks.subprocess.SubprocessHook","filename":"subprocess.py","lineno":106}
{"timestamp":"2025-10-26T15:14:01.220884Z","level":"info","event":"- models.healthcare_dbt.bronze_quarantine","logger":"airflow.task.hooks.airflow.providers.standard.hooks.subprocess.SubprocessHook","filename":"subprocess.py","lineno":106}
{"timestamp":"2025-10-26T15:14:01.527407Z","level":"info","event":"\u001b[0m15:14:01  Found 30 models, 6 sources, 493 macros","logger":"airflow.task.hooks.airflow.providers.standard.hooks.subprocess.SubprocessHook","filename":"subprocess.py","lineno":106}
{"timestamp":"2025-10-26T15:14:01.532437Z","level":"info","event":"\u001b[0m15:14:01","logger":"airflow.task.hooks.airflow.providers.standard.hooks.subprocess.SubprocessHook","filename":"subprocess.py","lineno":106}
{"timestamp":"2025-10-26T15:14:01.533123Z","level":"info","event":"\u001b[0m15:14:01  Concurrency: 1 threads (target='dev')","logger":"airflow.task.hooks.airflow.providers.standard.hooks.subprocess.SubprocessHook","filename":"subprocess.py","lineno":106}
{"timestamp":"2025-10-26T15:14:01.533693Z","level":"info","event":"\u001b[0m15:14:01","logger":"airflow.task.hooks.airflow.providers.standard.hooks.subprocess.SubprocessHook","filename":"subprocess.py","lineno":106}
{"timestamp":"2025-10-26T15:14:04.340868Z","level":"info","event":"\u001b[0m15:14:04  1 of 1 START sql table model BRONZE.bronze_patient_quarartine .................. [RUN]","logger":"airflow.task.hooks.airflow.providers.standard.hooks.subprocess.SubprocessHook","filename":"subprocess.py","lineno":106}
{"timestamp":"2025-10-26T15:14:04.995292Z","level":"info","event":"\u001b[0m15:14:04  1 of 1 OK created sql table model BRONZE.bronze_patient_quarartine ............. [\u001b[32mSUCCESS 1\u001b[0m in 0.65s]","logger":"airflow.task.hooks.airflow.providers.standard.hooks.subprocess.SubprocessHook","filename":"subprocess.py","lineno":106}
{"timestamp":"2025-10-26T15:14:05.135341Z","level":"info","event":"\u001b[0m15:14:05","logger":"airflow.task.hooks.airflow.providers.standard.hooks.subprocess.SubprocessHook","filename":"subprocess.py","lineno":106}
{"timestamp":"2025-10-26T15:14:05.135698Z","level":"info","event":"\u001b[0m15:14:05  Finished running 1 table model in 0 hours 0 minutes and 3.60 seconds (3.60s).","logger":"airflow.task.hooks.airflow.providers.standard.hooks.subprocess.SubprocessHook","filename":"subprocess.py","lineno":106}
{"timestamp":"2025-10-26T15:14:05.165255Z","level":"info","event":"\u001b[0m15:14:05","logger":"airflow.task.hooks.airflow.providers.standard.hooks.subprocess.SubprocessHook","filename":"subprocess.py","lineno":106}
{"timestamp":"2025-10-26T15:14:05.165675Z","level":"info","event":"\u001b[0m15:14:05  \u001b[32mCompleted successfully\u001b[0m","logger":"airflow.task.hooks.airflow.providers.standard.hooks.subprocess.SubprocessHook","filename":"subprocess.py","lineno":106}
{"timestamp":"2025-10-26T15:14:05.166011Z","level":"info","event":"\u001b[0m15:14:05","logger":"airflow.task.hooks.airflow.providers.standard.hooks.subprocess.SubprocessHook","filename":"subprocess.py","lineno":106}
{"timestamp":"2025-10-26T15:14:05.166359Z","level":"info","event":"\u001b[0m15:14:05  Done. PASS=1 WARN=0 ERROR=0 SKIP=0 NO-OP=0 TOTAL=1","logger":"airflow.task.hooks.airflow.providers.standard.hooks.subprocess.SubprocessHook","filename":"subprocess.py","lineno":106}
{"timestamp":"2025-10-26T15:14:08.228801Z","level":"info","event":"Command exited with return code 0","logger":"airflow.task.hooks.airflow.providers.standard.hooks.subprocess.SubprocessHook","filename":"subprocess.py","lineno":110}
{"timestamp":"2025-10-26T15:14:08.229422Z","level":"info","event":"Pushing xcom","ti":"RuntimeTaskInstance(id=UUID('019a2115-21af-7f3d-b4c2-8275aa50af96'), task_id='bronze_patient_quarartine', dag_id='etl_dbt_pipeline', run_id='manual__2025-10-26T15:13:44.323672+00:00', try_number=1, dag_version_id=UUID('019a2114-9280-7a0d-aa8f-96dda97fb75b'), map_index=-1, hostname='vivekpanthi-Swift-SF514-55TA', context_carrier={}, task=<Task(BashOperator): bronze_patient_quarartine>, bundle_instance=LocalDagBundle(name=dags-folder), max_tries=0, start_date=datetime.datetime(2025, 10, 26, 15, 13, 54, 119499, tzinfo=datetime.timezone.utc), end_date=None, state=<TaskInstanceState.RUNNING: 'running'>, is_mapped=False, rendered_map_index=None)","logger":"task","filename":"task_runner.py","lineno":1352}
