{"timestamp":"2025-10-26T13:49:41.836267Z","level":"info","event":"DAG bundles loaded: dags-folder","logger":"airflow.dag_processing.bundles.manager.DagBundlesManager","filename":"manager.py","lineno":179}
{"timestamp":"2025-10-26T13:49:41.836717Z","level":"info","event":"Filling up the DagBag from /home/vivekpanthi/DataEngineering/Health_Care_ETL/airflow/dags/healthcare_dbt_etl.py","logger":"airflow.models.dagbag.DagBag","filename":"dagbag.py","lineno":593}
{"timestamp":"2025-10-26T13:49:41.887467Z","level":"info","event":"Found credentials in shared credentials file: ~/.aws/credentials","logger":"botocore.credentials","filename":"credentials.py","lineno":1364}
{"timestamp":"2025-10-26T13:49:42.360432Z","level":"info","event":"Connecting to Snowflake","logger":"root","filename":"loading.py","lineno":26}
{"timestamp":"2025-10-26T13:49:42.360774Z","level":"info","event":"Snowflake Connector for Python Version: 3.18.0, Python Version: 3.12.3, Platform: Linux-6.8.0-86-generic-x86_64-with-glibc2.39","logger":"snowflake.connector.connection","filename":"connection.py","lineno":521}
{"timestamp":"2025-10-26T13:49:42.361225Z","level":"info","event":"Connecting to GLOBAL Snowflake domain","logger":"snowflake.connector.connection","filename":"connection.py","lineno":1464}
{"timestamp":"2025-10-26T13:49:46.111720Z","level":"info","event":"Connected Successfully","logger":"root","filename":"loading.py","lineno":35}
{"timestamp":"2025-10-26T13:49:46.111806Z","level":"info","event":"Starting S3 Loading to Snowflake Loader.......","logger":"root","filename":"loading.py","lineno":115}
{"timestamp":"2025-10-26T13:49:46.462778Z","level":"info","event":"Processing Folder: Appointments_History","logger":"root","filename":"loading.py","lineno":42}
{"timestamp":"2025-10-26T13:49:46.690757Z","level":"info","event":"No NewFiles are available in Appointments_History","logger":"root","filename":"loading.py","lineno":110}
{"timestamp":"2025-10-26T13:49:46.690899Z","level":"info","event":"Processing Folder: Hospital_branches","logger":"root","filename":"loading.py","lineno":42}
{"timestamp":"2025-10-26T13:49:46.909135Z","level":"info","event":"No NewFiles are available in Hospital_branches","logger":"root","filename":"loading.py","lineno":110}
{"timestamp":"2025-10-26T13:49:46.909239Z","level":"info","event":"Processing Folder: Medical_practitioners","logger":"root","filename":"loading.py","lineno":42}
{"timestamp":"2025-10-26T13:49:47.282383Z","level":"info","event":"No NewFiles are available in Medical_practitioners","logger":"root","filename":"loading.py","lineno":110}
{"timestamp":"2025-10-26T13:49:47.282502Z","level":"info","event":"Processing Folder: Mental_health_assessments","logger":"root","filename":"loading.py","lineno":42}
{"timestamp":"2025-10-26T13:49:47.489232Z","level":"info","event":"No NewFiles are available in Mental_health_assessments","logger":"root","filename":"loading.py","lineno":110}
{"timestamp":"2025-10-26T13:49:47.489344Z","level":"info","event":"Processing Folder: Patient_demographics","logger":"root","filename":"loading.py","lineno":42}
{"timestamp":"2025-10-26T13:49:47.717702Z","level":"info","event":"No NewFiles are available in Patient_demographics","logger":"root","filename":"loading.py","lineno":110}
{"timestamp":"2025-10-26T13:49:47.717875Z","level":"info","event":"Processing Folder: Treatment_plans","logger":"root","filename":"loading.py","lineno":42}
{"timestamp":"2025-10-26T13:49:47.949636Z","level":"info","event":"No NewFiles are available in Treatment_plans","logger":"root","filename":"loading.py","lineno":110}
{"timestamp":"2025-10-26T13:49:47.950153Z","level":"info","event":"Done. Returned value was: None","logger":"airflow.task.operators.airflow.providers.standard.operators.python.PythonOperator","filename":"python.py","lineno":218}
