{"timestamp":"2025-10-26T15:13:54.380826Z","level":"info","event":"DAG bundles loaded: dags-folder","logger":"airflow.dag_processing.bundles.manager.DagBundlesManager","filename":"manager.py","lineno":179}
{"timestamp":"2025-10-26T15:13:54.381371Z","level":"info","event":"Filling up the DagBag from /home/vivekpanthi/DataEngineering/Health_Care_ETL/airflow/dags/healthcare_dbt_etl.py","logger":"airflow.models.dagbag.DagBag","filename":"dagbag.py","lineno":593}
{"timestamp":"2025-10-26T15:13:54.891236Z","level":"info","event":"Found credentials in shared credentials file: ~/.aws/credentials","logger":"botocore.credentials","filename":"credentials.py","lineno":1364}
{"timestamp":"2025-10-26T15:13:55.953033Z","level":"info","event":"Tmp dir root location: /tmp","logger":"airflow.task.hooks.airflow.providers.standard.hooks.subprocess.SubprocessHook","filename":"subprocess.py","lineno":78}
{"timestamp":"2025-10-26T15:13:55.954447Z","level":"info","event":"Running command: ['/usr/bin/bash', '-c', 'cd /home/vivekpanthi/DataEngineering/Health_Care_ETL/healthcare_dbt && dbt run --select bronze_appointments_history']","logger":"airflow.task.hooks.airflow.providers.standard.hooks.subprocess.SubprocessHook","filename":"subprocess.py","lineno":88}
{"timestamp":"2025-10-26T15:13:55.985750Z","level":"info","event":"Output:","logger":"airflow.task.hooks.airflow.providers.standard.hooks.subprocess.SubprocessHook","filename":"subprocess.py","lineno":99}
{"timestamp":"2025-10-26T15:13:58.765595Z","level":"info","event":"\u001b[0m15:13:58  Running with dbt=1.10.13","logger":"airflow.task.hooks.airflow.providers.standard.hooks.subprocess.SubprocessHook","filename":"subprocess.py","lineno":106}
{"timestamp":"2025-10-26T15:14:00.191042Z","level":"info","event":"\u001b[0m15:14:00  Registered adapter: snowflake=1.10.2","logger":"airflow.task.hooks.airflow.providers.standard.hooks.subprocess.SubprocessHook","filename":"subprocess.py","lineno":106}
{"timestamp":"2025-10-26T15:14:01.101516Z","level":"info","event":"\u001b[0m15:14:01  [\u001b[33mWARNING\u001b[0m]: Configuration paths exist in your dbt_project.yml file which do not apply to any resources.","logger":"airflow.task.hooks.airflow.providers.standard.hooks.subprocess.SubprocessHook","filename":"subprocess.py","lineno":106}
{"timestamp":"2025-10-26T15:14:01.101679Z","level":"info","event":"There are 1 unused configuration paths:","logger":"airflow.task.hooks.airflow.providers.standard.hooks.subprocess.SubprocessHook","filename":"subprocess.py","lineno":106}
{"timestamp":"2025-10-26T15:14:01.101739Z","level":"info","event":"- models.healthcare_dbt.bronze_quarantine","logger":"airflow.task.hooks.airflow.providers.standard.hooks.subprocess.SubprocessHook","filename":"subprocess.py","lineno":106}
{"timestamp":"2025-10-26T15:14:01.390078Z","level":"info","event":"\u001b[0m15:14:01  Found 30 models, 6 sources, 493 macros","logger":"airflow.task.hooks.airflow.providers.standard.hooks.subprocess.SubprocessHook","filename":"subprocess.py","lineno":106}
{"timestamp":"2025-10-26T15:14:01.394111Z","level":"info","event":"\u001b[0m15:14:01","logger":"airflow.task.hooks.airflow.providers.standard.hooks.subprocess.SubprocessHook","filename":"subprocess.py","lineno":106}
{"timestamp":"2025-10-26T15:14:01.396458Z","level":"info","event":"\u001b[0m15:14:01  Concurrency: 1 threads (target='dev')","logger":"airflow.task.hooks.airflow.providers.standard.hooks.subprocess.SubprocessHook","filename":"subprocess.py","lineno":106}
{"timestamp":"2025-10-26T15:14:01.397379Z","level":"info","event":"\u001b[0m15:14:01","logger":"airflow.task.hooks.airflow.providers.standard.hooks.subprocess.SubprocessHook","filename":"subprocess.py","lineno":106}
{"timestamp":"2025-10-26T15:14:20.326801Z","level":"info","event":"\u001b[0m15:14:20  1 of 1 START sql table model BRONZE.bronze_appointments_history ................ [RUN]","logger":"airflow.task.hooks.airflow.providers.standard.hooks.subprocess.SubprocessHook","filename":"subprocess.py","lineno":106}
{"timestamp":"2025-10-26T15:14:21.244212Z","level":"info","event":"\u001b[0m15:14:21  1 of 1 OK created sql table model BRONZE.bronze_appointments_history ........... [\u001b[32mSUCCESS 1\u001b[0m in 0.92s]","logger":"airflow.task.hooks.airflow.providers.standard.hooks.subprocess.SubprocessHook","filename":"subprocess.py","lineno":106}
{"timestamp":"2025-10-26T15:14:21.383494Z","level":"info","event":"\u001b[0m15:14:21","logger":"airflow.task.hooks.airflow.providers.standard.hooks.subprocess.SubprocessHook","filename":"subprocess.py","lineno":106}
{"timestamp":"2025-10-26T15:14:21.383815Z","level":"info","event":"\u001b[0m15:14:21  Finished running 1 table model in 0 hours 0 minutes and 19.98 seconds (19.98s).","logger":"airflow.task.hooks.airflow.providers.standard.hooks.subprocess.SubprocessHook","filename":"subprocess.py","lineno":106}
{"timestamp":"2025-10-26T15:14:21.408452Z","level":"info","event":"\u001b[0m15:14:21","logger":"airflow.task.hooks.airflow.providers.standard.hooks.subprocess.SubprocessHook","filename":"subprocess.py","lineno":106}
{"timestamp":"2025-10-26T15:14:21.408720Z","level":"info","event":"\u001b[0m15:14:21  \u001b[32mCompleted successfully\u001b[0m","logger":"airflow.task.hooks.airflow.providers.standard.hooks.subprocess.SubprocessHook","filename":"subprocess.py","lineno":106}
{"timestamp":"2025-10-26T15:14:21.408966Z","level":"info","event":"\u001b[0m15:14:21","logger":"airflow.task.hooks.airflow.providers.standard.hooks.subprocess.SubprocessHook","filename":"subprocess.py","lineno":106}
{"timestamp":"2025-10-26T15:14:21.409242Z","level":"info","event":"\u001b[0m15:14:21  Done. PASS=1 WARN=0 ERROR=0 SKIP=0 NO-OP=0 TOTAL=1","logger":"airflow.task.hooks.airflow.providers.standard.hooks.subprocess.SubprocessHook","filename":"subprocess.py","lineno":106}
{"timestamp":"2025-10-26T15:14:23.341613Z","level":"info","event":"Command exited with return code 0","logger":"airflow.task.hooks.airflow.providers.standard.hooks.subprocess.SubprocessHook","filename":"subprocess.py","lineno":110}
{"timestamp":"2025-10-26T15:14:23.342205Z","level":"info","event":"Pushing xcom","ti":"RuntimeTaskInstance(id=UUID('019a2115-21b1-7be3-b24c-9e3517fd8900'), task_id='bronze_appointments_history', dag_id='etl_dbt_pipeline', run_id='manual__2025-10-26T15:13:44.323672+00:00', try_number=1, dag_version_id=UUID('019a2114-9280-7a0d-aa8f-96dda97fb75b'), map_index=-1, hostname='vivekpanthi-Swift-SF514-55TA', context_carrier={}, task=<Task(BashOperator): bronze_appointments_history>, bundle_instance=LocalDagBundle(name=dags-folder), max_tries=0, start_date=datetime.datetime(2025, 10, 26, 15, 13, 54, 301433, tzinfo=datetime.timezone.utc), end_date=None, state=<TaskInstanceState.RUNNING: 'running'>, is_mapped=False, rendered_map_index=None)","logger":"task","filename":"task_runner.py","lineno":1352}
